エラー対処票
-------------------------------------------------------
使用環境

状況

エラー内容

原因

解決策

-------------------------------------------------------

001
使用環境
STS+TERASOLUNA+Spring-test(Junit)+H2+mybatis+maven

状況
テスト用にDBをH2で構築

エラー内容
Caused by: java.lang.ClassNotFoundException: org.h2.Driver
	at java.net.URLClassLoader.findClass(Unknown Source)
	at java.lang.ClassLoader.loadClass(Unknown Source)
	at sun.misc.Launcher$AppClassLoader.loadClass(Unknown Source)
	at java.lang.ClassLoader.loadClass(Unknown Source)
	at org.apache.commons.dbcp2.BasicDataSource.createConnectionFactory(BasicDataSource.java:2131)
	... 50 common frames omitted
	
原因
H2のライブラリとのパスが繋がっていない。

解決策
pom.xmlのprofilesにcom.h2databaseを設定する。

	<profiles>
        <profile>
            <id>local</id>
            <activation>
                <activeByDefault>true</activeByDefault>
            </activation>
            <properties>
                <resource.directory>src/main/resources</resource.directory>
                <buildFinalName>${project.artifactId}-${project.version}</buildFinalName>
            </properties>
            <dependencies>
                <dependency>
                    <groupId>com.h2database</groupId>
                    <artifactId>h2</artifactId>
                    <scope>runtime</scope>
                </dependency>
            </dependencies>
        </profile>
        <profile>
            <id>test-server</id>
            <properties>
                <resource.directory>${basedir}/configs/test-server/resources</resource.directory>
                <buildFinalName>${project.artifactId}-${project.version}-test-server</buildFinalName>
            </properties>
        </profile>
        <profile>
            <id>production-server</id>
            <properties>
                <resource.directory>${basedir}/configs/production-server/resources</resource.directory>
                <buildFinalName>${project.artifactId}-${project.version}-production-server</buildFinalName>
            </properties>
        </profile>
    </profiles>

-------------------------------------------------------

002
使用環境
STS+TERASOLUNA+Spring-test(Junit)+H2+mybatis+maven

状況
テスト用にDBをH2で構築
test-context.xmlにてAOPの設定を行った

エラー内容
Caused by: org.springframework.beans.factory.NoSuchBeanDefinitionException: No bean named 'exceptionLogger' available
	at org.springframework.beans.factory.support.DefaultListableBeanFactory.getBeanDefinition(DefaultListableBeanFactory.java:685)
	at org.springframework.beans.factory.support.AbstractBeanFactory.getMergedLocalBeanDefinition(AbstractBeanFactory.java:1199)
	at org.springframework.beans.factory.support.AbstractBeanFactory.doGetBean(AbstractBeanFactory.java:284)
	at org.springframework.beans.factory.support.AbstractBeanFactory.getBean(AbstractBeanFactory.java:197)
	at org.springframework.beans.factory.support.BeanDefinitionValueResolver.resolveReference(BeanDefinitionValueResolver.java:351)
	... 59 common frames omitted
	

原因
exceptionLoggerクラスが見つからない


解決策
xmlにexceptionLoggerクラスのbean定義を追加する。

<bean id="exceptionLogger" class="org.terasoluna.gfw.common.exception.ExceptionLogger" />

-------------------------------------------------------
003
使用環境
STS+TERASOLUNA+Spring-test(Junit)+H2+mybatis+maven+spring-test-dbunit

状況
@DatabaseSetupアノテーションで、xmlファイルからデータをセットアップする

エラー内容
Caused by: java.lang.NoClassDefFoundError: org/dbunit/dataset/xml/FlatXmlDataSetBuilder
	at com.github.springtestdbunit.dataset.FlatXmlDataSetLoader.createDataSet(FlatXmlDataSetLoader.java:36)
	at com.github.springtestdbunit.dataset.AbstractDataSetLoader.loadDataSet(AbstractDataSetLoader.java:54)
	at com.github.springtestdbunit.DbUnitRunner.loadDataset(DbUnitRunner.java:209)
	at com.github.springtestdbunit.DbUnitRunner.loadDataSets(DbUnitRunner.java:192)
	at com.github.springtestdbunit.DbUnitRunner.setupOrTeardown(DbUnitRunner.java:173)
	at com.github.springtestdbunit.DbUnitRunner.beforeTestMethod(DbUnitRunner.java:75)
	at com.github.springtestdbunit.DbUnitTestExecutionListener.beforeTestMethod(DbUnitTestExecutionListener.java:185)
	at com.github.springtestdbunit.TestExecutionListenerChain$3.call(TestExecutionListenerChain.java:94)
	at com.github.springtestdbunit.TestExecutionListenerChain.runChain(TestExecutionListenerChain.java:127)
	... 24 common frames omitted
	Caused by: java.lang.ClassNotFoundException: org.dbunit.dataset.xml.FlatXmlDataSetBuilder
	at java.net.URLClassLoader.findClass(Unknown Source)
	at java.lang.ClassLoader.loadClass(Unknown Source)
	at sun.misc.Launcher$AppClassLoader.loadClass(Unknown Source)
	at java.lang.ClassLoader.loadClass(Unknown Source)
	... 33 common frames omitted

原因
@DatabaseSetupはspring-test-dbunitが提供している
必要なライブラリが不足している。
dbunitが提供している、「FlatXmlDataSetBuilder.class」が存在していないため

解決策

自分の設定していた、pom.xmlのmavenプラグインを確認
<dependency>
    <groupId>org.dbunit</groupId>
    <artifactId>dbunit</artifactId>
    <version>2.4.3</version>
</dependency>

Maven依存関係から org.dbunit.dataset.xml.FlatXmlDataSetBuilder.classを確認
⇒存在しない

バージョンを新しくして設定
<dependency>
    <groupId>org.dbunit</groupId>
    <artifactId>dbunit</artifactId>
    <version>2.5.3</version>
</dependency>

Maven依存関係から org.dbunit.dataset.xml.FlatXmlDataSetBuilder.classを確認
⇒ある

正常に動作


-------------------------------------------------------


-------------------------------------------------------
使用環境

状況
antプロジェクトをmavenに変換し、実行しようとした


エラー内容
pom.xml 依存関係階層
Project read error



原因
謎。でも実行できた


解決策

-------------------------------------------------------
使用環境

状況
antプロジェクトをmavenに変換し、実行しようとした


エラー内容



原因



解決策
catalina.2017-08-28.log
28-Aug-2017 14:21:24.567 情報 [localhost-startStop-1] org.apache.catalina.startup.HostConfig.deployDescriptor 設定記述子 C:\develop\sts-bundle\pivotal-tc-server-developer-3.2.2.RELEASE\base-instance\conf\Catalina\localhost\terasoluna-security-validator-sampleapp.xml を配備します
28-Aug-2017 14:21:24.622 警告 [localhost-startStop-1] org.apache.catalina.startup.SetContextPropertiesRule.begin [SetContextPropertiesRule]{Context} Setting property 'source' to 'org.eclipse.jst.jee.server:terasoluna-security-validator-sampleapp' did not find a matching property.
28-Aug-2017 14:21:27.933 警告 [localhost-startStop-1] org.apache.tomcat.jdbc.pool.ConnectionPool.checkPoolConfiguration initialSize is larger than maxActive, setting initialSize to: 4
28-Aug-2017 14:21:27.934 警告 [localhost-startStop-1] org.apache.tomcat.jdbc.pool.ConnectionPool.checkPoolConfiguration minIdle is larger than maxActive, setting minIdle to: 4
28-Aug-2017 14:21:27.934 警告 [localhost-startStop-1] org.apache.tomcat.jdbc.pool.ConnectionPool.checkPoolConfiguration maxIdle is smaller than minIdle, setting maxIdle to: 4
28-Aug-2017 14:21:28.876 情報 [localhost-startStop-1] org.apache.jasper.servlet.TldScanner.scanJars At least one JAR was scanned for TLDs yet contained no TLDs. Enable debug logging for this logger for a complete list of JARs that were scanned but no TLDs were found in them. Skipping unneeded JARs during scanning can improve startup time and JSP compilation time.
28-Aug-2017 14:21:31.407 重大 [localhost-startStop-1] org.apache.catalina.core.StandardContext.startInternal One or more Filters failed to start. Full details will be found in the appropriate container log file
28-Aug-2017 14:21:31.407 重大 [localhost-startStop-1] org.apache.catalina.core.StandardContext.startInternal 以前のエラーのためにコンテキストの起動が失敗しました [/terasoluna-security-validator-sampleapp]
28-Aug-2017 14:21:31.430 警告 [localhost-startStop-1] org.apache.catalina.loader.WebappClassLoaderBase.clearReferencesJdbc The web application [terasoluna-security-validator-sampleapp] registered the JDBC driver [org.postgresql.Driver] but failed to unregister it when the web application was stopped. To prevent a memory leak, the JDBC Driver has been forcibly unregistered.
28-Aug-2017 14:21:31.436 情報 [localhost-startStop-1] org.apache.catalina.startup.HostConfig.deployDescriptor Deployment of configuration descriptor C:\develop\sts-bundle\pivotal-tc-server-developer-3.2.2.RELEASE\base-instance\conf\Catalina\localhost\terasoluna-security-validator-sampleapp.xml has finished in 6,867 ms


localhost.2017-08-28.log
28-Aug-2017 15:02:39.006 情報 [localhost-startStop-1] org.apache.catalina.core.ApplicationContext.log Initializing Spring root WebApplicationContext
28-Aug-2017 15:02:41.668 情報 [localhost-startStop-1] org.apache.catalina.core.ApplicationContext.log Initializing log4j from [classpath:log4j.properties]
28-Aug-2017 15:02:41.688 重大 [localhost-startStop-1] org.apache.catalina.core.StandardContext.filterStart フィルタ securityValidateFilter の起動中の例外です
 java.lang.ClassNotFoundException: jp.terasoluna.security.securityvalidator.filter.SecurityValidateFilter
	at org.apache.catalina.loader.WebappClassLoaderBase.loadClass(WebappClassLoaderBase.java:1285)
	at org.apache.catalina.loader.WebappClassLoaderBase.loadClass(WebappClassLoaderBase.java:1119)
	at org.apache.catalina.core.DefaultInstanceManager.loadClass(DefaultInstanceManager.java:520)
	at org.apache.catalina.core.DefaultInstanceManager.loadClassMaybePrivileged(DefaultInstanceManager.java:501)
	at org.apache.catalina.core.DefaultInstanceManager.newInstance(DefaultInstanceManager.java:118)
	at org.apache.catalina.core.ApplicationFilterConfig.getFilter(ApplicationFilterConfig.java:258)
	at org.apache.catalina.core.ApplicationFilterConfig.<init>(ApplicationFilterConfig.java:105)
	at org.apache.catalina.core.StandardContext.filterStart(StandardContext.java:4572)
	at org.apache.catalina.core.StandardContext.startInternal(StandardContext.java:5215)
	at org.apache.catalina.util.LifecycleBase.start(LifecycleBase.java:150)
	at org.apache.catalina.core.ContainerBase.addChildInternal(ContainerBase.java:724)
	at org.apache.catalina.core.ContainerBase.addChild(ContainerBase.java:700)
	at org.apache.catalina.core.StandardHost.addChild(StandardHost.java:734)
	at org.apache.catalina.startup.HostConfig.deployDescriptor(HostConfig.java:596)
	at org.apache.catalina.startup.HostConfig$DeployDescriptor.run(HostConfig.java:1805)
	at java.util.concurrent.Executors$RunnableAdapter.call(Executors.java:511)
	at java.util.concurrent.FutureTask.run(FutureTask.java:266)
	at java.util.concurrent.ThreadPoolExecutor.runWorker(ThreadPoolExecutor.java:1142)
	at java.util.concurrent.ThreadPoolExecutor$Worker.run(ThreadPoolExecutor.java:617)
	at java.lang.Thread.run(Thread.java:745)






mavenとweb-inf/libの読み込みがうまく出来てない
http://www.tekboy.net/archives/673



-------------------------------------------------------





NEXUSからmavenを使おうとした



ビルド中にエラーが発生しました。
プロジェクト 'terasoluna-security-validator-sampleapp' でビルダー 'Maven プロジェクト・ビルダー' の実行中にエラーが発生しました。
ビルド・プランを計算できませんでした: Plugin org.apache.maven.plugins:maven-resources-plugin:2.6 or one of its dependencies could not be resolved: Failed to read artifact descriptor for org.apache.maven.plugins:maven-resources-plugin:jar:2.6
Plugin org.apache.maven.plugins:maven-resources-plugin:2.6 or one of its dependencies could not be resolved: Failed to read artifact descriptor for org.apache.maven.plugins:maven-resources-plugin:jar:2.6
ビルド・プランを計算できませんでした: Plugin org.apache.maven.plugins:maven-resources-plugin:2.6 or one of its dependencies could not be resolved: Failed to read artifact descriptor for org.apache.maven.plugins:maven-resources-plugin:jar:2.6
Plugin org.apache.maven.plugins:maven-resources-plugin:2.6 or one of its dependencies could not be resolved: Failed to read artifact descriptor for org.apache.maven.plugins:maven-resources-plugin:jar:2.6


説明	リソース	パス	ロケーション	型
CoreException: ビルド・プランを計算できませんでした: Plugin org.apache.maven.plugins:maven-compiler-plugin:3.1 or one of its dependencies could not be resolved: Failed to read artifact descriptor for org.apache.maven.plugins:maven-compiler-plugin:jar:3.1: ArtifactResolutionException: Failure to transfer org.apache.maven.plugins:maven-compiler-plugin:pom:3.1 from https://repo1.x-network.jp/nexus/repository/maven_public/ was cached in the local repository, resolution will not be reattempted until the update interval of nexus has elapsed or updates are forced. Original error: Could not transfer artifact org.apache.maven.plugins:maven-compiler-plugin:pom:3.1 from/to nexus (https://repo1.x-network.jp/nexus/repository/maven_public/): Connection reset	pom.xml	/terasoluna-security-validator-sampleapp	行 7	Maven プロジェクト・ビルド・ライフサイクル・マッピング問題


maven installで以下エラーが発生していた
[INFO] Scanning for projects...
[INFO]                                                                         
[INFO] ------------------------------------------------------------------------
[INFO] Building terasoluna-security-validator-sampleapp 0.0.1-SNAPSHOT
[INFO] ------------------------------------------------------------------------
[INFO] Downloading: https://repo1.x-network.jp/nexus/repository/maven_public/org/apache/maven/plugins/maven-resources-plugin/2.6/maven-resources-plugin-2.6.pom
[INFO] ------------------------------------------------------------------------
[INFO] BUILD FAILURE
[INFO] ------------------------------------------------------------------------
[INFO] Total time: 05:00 min
[INFO] Finished at: 2017-08-29T14:00:03+09:00
[INFO] Final Memory: 8M/123M
[INFO] ------------------------------------------------------------------------
[ERROR] Plugin org.apache.maven.plugins:maven-resources-plugin:2.6 or one of its dependencies could not be resolved: Failed to read artifact descriptor for org.apache.maven.plugins:maven-resources-plugin:jar:2.6: Could not transfer artifact org.apache.maven.plugins:maven-resources-plugin:pom:2.6 from/to nexus (https://repo1.x-network.jp/nexus/repository/maven_public/): Connection reset -> [Help 1]
[ERROR] 
[ERROR] To see the full stack trace of the errors, re-run Maven with the -e switch.
[ERROR] Re-run Maven using the -X switch to enable full debug logging.
[ERROR] 
[ERROR] For more information about the errors and possible solutions, please read the following articles:
[ERROR] [Help 1] http://cwiki.apache.org/confluence/display/MAVEN/PluginResolutionException

キャッシュされているフォルダを削除した
http://web.plus-idea.net/2016/08/eclipse-%E3%81%AEmarven%E3%83%97%E3%83%AD%E3%82%B8%E3%82%A7%E3%82%AF%E3%83%88%E4%BD%9C%E6%88%90%E6%99%82%E3%81%ABcould-not-resolve-artifact-archetypes%E3%81%AE%E3%82%A8%E3%83%A9%E3%83%BC%E3%81%8C/



-------------------------------------------------------
antプロジェクトをmaven化したときのエラー

説明	リソース	パス	ロケーション	型
コンテナー 'Web App ライブラリー' が存在しないライブラリー 'C:\work\TERAlibポータル移行 確認\AL047_動的コードリスト抽出・表示 ver1.1.1_maven\動的コードリスト抽出・表示 ver1.1.1\sample\functionsample-thin-taglibex\webapps\WEB-INF\lib\terasoluna-taglibex-1.1.0.jar' を参照しています	functionsample-thin-taglibex		ビルド・パス	ビルド・パス問題

原因
maven依存関係のライブラリがweb-inf/libと紐づいていないため。

解決
ビルドパスの構成⇒デプロイメント・アセンブリ⇒追加⇒Javaビルドパスエントリー⇒maven依存関係




-------------------------------------------------------

JasperException


[2017/08/29 16:59:33][ERROR][RequestProcessorEx] sessionHash = A4E9901D1DA6E66AE70A52572ED5268FE50BDE56
[2017/08/29 16:59:33][ERROR][RequestProcessorEx] org.apache.jasper.JasperException: /UC_A01_01/SC_A01_01_01.jsp (line: 241, column: 64) The JSP specification requires that an attribute name is preceded by whitespace
	at org.apache.jasper.compiler.DefaultErrorHandler.jspError(DefaultErrorHandler.java:41)
	at org.apache.jasper.compiler.ErrorDispatcher.dispatch(ErrorDispatcher.java:291)
	at org.apache.jasper.compiler.ErrorDispatcher.jspError(ErrorDispatcher.java:97)
	at org.apache.jasper.compiler.Parser.parseAttributes(Parser.java:171)
	at org.apache.jasper.compiler.Parser.parseAttributes(Parser.java:160)
	at org.apache.jasper.compiler.Parser.parseCustomTag(Parser.java:1254)
	at org.apache.jasper.compiler.Parser.parseElements(Parser.java:1473)
	at org.apache.jasper.compiler.Parser.parseBody(Parser.java:1686)
	at org.apache.jasper.compiler.Parser.parseOptionalBody(Parser.java:1019)
	at org.apache.jasper.compiler.Parser.parseCustomTag(Parser.java:1294)
	at org.apache.jasper.compiler.Parser.parseElements(Parser.java:1473)
	at org.apache.jasper.compiler.Parser.parseBody(Parser.java:1686)
	at org.apache.jasper.compiler.Parser.parseOptionalBody(Parser.java:1019)
	at org.apache.jasper.compiler.Parser.parseCustomTag(Parser.java:1294)
	at org.apache.jasper.compiler.Parser.parseElements(Parser.java:1473)
	at org.apache.jasper.compiler.Parser.parseBody(Parser.java:1686)
	at org.apache.jasper.compiler.Parser.parseOptionalBody(Parser.java:1019)
	at org.apache.jasper.compiler.Parser.parseCustomTag(Parser.java:1294)
	at org.apache.jasper.compiler.Parser.parseElements(Parser.java:1473)
	at org.apache.jasper.compiler.Parser.parseBody(Parser.java:1686)
	at org.apache.jasper.compiler.Parser.parseOptionalBody(Parser.java:1019)
	at org.apache.jasper.compiler.Parser.parseCustomTag(Parser.java:1294)
	at org.apache.jasper.compiler.Parser.parseElements(Parser.java:1473)
	at org.apache.jasper.compiler.Parser.parseBody(Parser.java:1686)
	at org.apache.jasper.compiler.Parser.parseOptionalBody(Parser.java:1019)
	at org.apache.jasper.compiler.Parser.parseCustomTag(Parser.java:1294)
	at org.apache.jasper.compiler.Parser.parseElements(Parser.java:1473)
	at org.apache.jasper.compiler.Parser.parse(Parser.java:145)
	at org.apache.jasper.compiler.ParserController.doParse(ParserController.java:244)
	at org.apache.jasper.compiler.ParserController.parse(ParserController.java:105)
	at org.apache.jasper.compiler.Compiler.generateJava(Compiler.java:201)
	at org.apache.jasper.compiler.Compiler.compile(Compiler.java:372)
	at org.apache.jasper.compiler.Compiler.compile(Compiler.java:349)
	at org.apache.jasper.compiler.Compiler.compile(Compiler.java:333)
	at org.apache.jasper.JspCompilationContext.compile(JspCompilationContext.java:600)
	at org.apache.jasper.servlet.JspServletWrapper.service(JspServletWrapper.java:368)
	at org.apache.jasper.servlet.JspServlet.serviceJspFile(JspServlet.java:385)
	at org.apache.jasper.servlet.JspServlet.service(JspServlet.java:329)
	at javax.servlet.http.HttpServlet.service(HttpServlet.java:729)
	at org.apache.catalina.core.ApplicationFilterChain.internalDoFilter(ApplicationFilterChain.java:230)
	at org.apache.catalina.core.ApplicationFilterChain.doFilter(ApplicationFilterChain.java:165)
	at org.apache.tomcat.websocket.server.WsFilter.doFilter(WsFilter.java:52)
	at org.apache.catalina.core.ApplicationFilterChain.internalDoFilter(ApplicationFilterChain.java:192)
	at org.apache.catalina.core.ApplicationFilterChain.doFilter(ApplicationFilterChain.java:165)
	at org.apache.catalina.core.ApplicationDispatcher.invoke(ApplicationDispatcher.java:726)
	at org.apache.catalina.core.ApplicationDispatcher.processRequest(ApplicationDispatcher.java:469)
	at org.apache.catalina.core.ApplicationDispatcher.doForward(ApplicationDispatcher.java:394)
	at org.apache.catalina.core.ApplicationDispatcher.forward(ApplicationDispatcher.java:311)
	at org.apache.struts.action.RequestProcessor.doForward(RequestProcessor.java:1085)
	at org.apache.struts.action.RequestProcessor.internalModuleRelativeForward(RequestProcessor.java:1023)
	at org.apache.struts.action.RequestProcessor.processForward(RequestProcessor.java:572)
	at org.apache.struts.action.RequestProcessor.process(RequestProcessor.java:221)
	at jp.terasoluna.fw.web.struts.action.RequestProcessorEx.process(RequestProcessorEx.java:149)
	at org.apache.struts.action.ActionServlet.process(ActionServlet.java:1196)
	at org.apache.struts.action.ActionServlet.doPost(ActionServlet.java:432)
	at javax.servlet.http.HttpServlet.service(HttpServlet.java:648)
	at javax.servlet.http.HttpServlet.service(HttpServlet.java:729)
	at org.apache.catalina.core.ApplicationFilterChain.internalDoFilter(ApplicationFilterChain.java:230)
	at org.apache.catalina.core.ApplicationFilterChain.doFilter(ApplicationFilterChain.java:165)
	at org.apache.tomcat.websocket.server.WsFilter.doFilter(WsFilter.java:52)
	at org.apache.catalina.core.ApplicationFilterChain.internalDoFilter(ApplicationFilterChain.java:192)
	at org.apache.catalina.core.ApplicationFilterChain.doFilter(ApplicationFilterChain.java:165)
	at org.apache.catalina.core.ApplicationDispatcher.invoke(ApplicationDispatcher.java:726)
	at org.apache.catalina.core.ApplicationDispatcher.processRequest(ApplicationDispatcher.java:469)
	at org.apache.catalina.core.ApplicationDispatcher.doForward(ApplicationDispatcher.java:394)
	at org.apache.catalina.core.ApplicationDispatcher.forward(ApplicationDispatcher.java:311)
	at org.apache.struts.action.RequestProcessor.doForward(RequestProcessor.java:1085)
	at org.apache.struts.action.RequestProcessor.processForwardConfig(RequestProcessor.java:398)
	at org.apache.struts.action.RequestProcessor.process(RequestProcessor.java:241)
	at jp.terasoluna.fw.web.struts.action.RequestProcessorEx.process(RequestProcessorEx.java:149)
	at org.apache.struts.action.ActionServlet.process(ActionServlet.java:1196)
	at org.apache.struts.action.ActionServlet.doPost(ActionServlet.java:432)
	at javax.servlet.http.HttpServlet.service(HttpServlet.java:648)
	at javax.servlet.http.HttpServlet.service(HttpServlet.java:729)
	at org.apache.catalina.core.ApplicationFilterChain.internalDoFilter(ApplicationFilterChain.java:230)
	at org.apache.catalina.core.ApplicationFilterChain.doFilter(ApplicationFilterChain.java:165)
	at org.apache.tomcat.websocket.server.WsFilter.doFilter(WsFilter.java:52)
	at org.apache.catalina.core.ApplicationFilterChain.internalDoFilter(ApplicationFilterChain.java:192)
	at org.apache.catalina.core.ApplicationFilterChain.doFilter(ApplicationFilterChain.java:165)
	at jp.terasoluna.fw.web.thin.AuthenticationControlFilter.doFilter(AuthenticationControlFilter.java:227)
	at org.apache.catalina.core.ApplicationFilterChain.internalDoFilter(ApplicationFilterChain.java:192)
	at org.apache.catalina.core.ApplicationFilterChain.doFilter(ApplicationFilterChain.java:165)
	at jp.terasoluna.fw.web.thin.ExtensionFilter.doFilter(ExtensionFilter.java:232)
	at org.apache.catalina.core.ApplicationFilterChain.internalDoFilter(ApplicationFilterChain.java:192)
	at org.apache.catalina.core.ApplicationFilterChain.doFilter(ApplicationFilterChain.java:165)
	at org.springframework.web.filter.CharacterEncodingFilter.doFilterInternal(CharacterEncodingFilter.java:96)
	at org.springframework.web.filter.OncePerRequestFilter.doFilter(OncePerRequestFilter.java:76)
	at org.apache.catalina.core.ApplicationFilterChain.internalDoFilter(ApplicationFilterChain.java:192)
	at org.apache.catalina.core.ApplicationFilterChain.doFilter(ApplicationFilterChain.java:165)
	at org.apache.catalina.core.StandardWrapperValve.invoke(StandardWrapperValve.java:198)
	at org.apache.catalina.core.StandardContextValve.invoke(StandardContextValve.java:108)
	at org.apache.catalina.authenticator.AuthenticatorBase.invoke(AuthenticatorBase.java:472)
	at org.apache.catalina.core.StandardHostValve.invoke(StandardHostValve.java:140)
	at org.apache.catalina.valves.ErrorReportValve.invoke(ErrorReportValve.java:79)
	at org.apache.catalina.valves.AbstractAccessLogValve.invoke(AbstractAccessLogValve.java:620)
	at org.apache.catalina.core.StandardEngineValve.invoke(StandardEngineValve.java:87)
	at org.apache.catalina.connector.CoyoteAdapter.service(CoyoteAdapter.java:349)
	at org.apache.coyote.http11.Http11Processor.service(Http11Processor.java:784)
	at org.apache.coyote.AbstractProcessorLight.process(AbstractProcessorLight.java:66)
	at org.apache.coyote.AbstractProtocol$ConnectionHandler.process(AbstractProtocol.java:802)
	at org.apache.tomcat.util.net.NioEndpoint$SocketProcessor.doRun(NioEndpoint.java:1410)
	at org.apache.tomcat.util.net.SocketProcessorBase.run(SocketProcessorBase.java:49)
	at java.util.concurrent.ThreadPoolExecutor.runWorker(ThreadPoolExecutor.java:1142)
	at java.util.concurrent.ThreadPoolExecutor$Worker.run(ThreadPoolExecutor.java:617)
	at org.apache.tomcat.util.threads.TaskThread$WrappingRunnable.run(TaskThread.java:61)
	at java.lang.Thread.run(Thread.java:745)
	
	スペースがない
	http://d.hatena.ne.jp/yamap_55/20130731/1375285126
	
	
	-------------------------------------------------------
	
	コンソール警告
	説明	リソース	パス	ロケーション	型
Map は raw 型です。総称型 Map<K,V> への参照は、パラメーター化する必要があります	AbstractReportAction.java	/toursample-javaweb/sources/jp/terasoluna/toursample/common/action	行 150	Java 問題


	[2017/08/29 17:18:53][WARN][RequestProcessor] 処理できない例外がスローされました: class java.lang.ClassCastException
[2017/08/29 17:18:53][ERROR][RequestProcessorEx] sessionHash = 7758224AFBFBAFB35144128CFE70651A8CB2A9A3
[2017/08/29 17:18:53][ERROR][RequestProcessorEx] javax.servlet.ServletException: java.lang.ClassCastException: java.lang.String cannot be cast to java.lang.Integer
	at org.apache.struts.action.RequestProcessor.processException(RequestProcessor.java:535)
	at org.apache.struts.action.RequestProcessor.processActionPerform(RequestProcessor.java:433)
	at org.apache.struts.action.RequestProcessor.process(RequestProcessor.java:236)
	at jp.terasoluna.fw.web.struts.action.RequestProcessorEx.process(RequestProcessorEx.java:149)
	at org.apache.struts.action.ActionServlet.process(ActionServlet.java:1196)
	at org.apache.struts.action.ActionServlet.doPost(ActionServlet.java:432)
	at javax.servlet.http.HttpServlet.service(HttpServlet.java:648)
	at javax.servlet.http.HttpServlet.service(HttpServlet.java:729)
	at org.apache.catalina.core.ApplicationFilterChain.internalDoFilter(ApplicationFilterChain.java:230)
	at org.apache.catalina.core.ApplicationFilterChain.doFilter(ApplicationFilterChain.java:165)
	at org.apache.tomcat.websocket.server.WsFilter.doFilter(WsFilter.java:52)
	at org.apache.catalina.core.ApplicationFilterChain.internalDoFilter(ApplicationFilterChain.java:192)
	at org.apache.catalina.core.ApplicationFilterChain.doFilter(ApplicationFilterChain.java:165)
	at jp.terasoluna.fw.web.thin.AuthenticationControlFilter.doFilter(AuthenticationControlFilter.java:227)
	at org.apache.catalina.core.ApplicationFilterChain.internalDoFilter(ApplicationFilterChain.java:192)
	at org.apache.catalina.core.ApplicationFilterChain.doFilter(ApplicationFilterChain.java:165)
	at jp.terasoluna.fw.web.thin.ExtensionFilter.doFilter(ExtensionFilter.java:232)
	at org.apache.catalina.core.ApplicationFilterChain.internalDoFilter(ApplicationFilterChain.java:192)
	at org.apache.catalina.core.ApplicationFilterChain.doFilter(ApplicationFilterChain.java:165)
	at org.springframework.web.filter.CharacterEncodingFilter.doFilterInternal(CharacterEncodingFilter.java:96)
	at org.springframework.web.filter.OncePerRequestFilter.doFilter(OncePerRequestFilter.java:76)
	at org.apache.catalina.core.ApplicationFilterChain.internalDoFilter(ApplicationFilterChain.java:192)
	at org.apache.catalina.core.ApplicationFilterChain.doFilter(ApplicationFilterChain.java:165)
	at org.apache.catalina.core.StandardWrapperValve.invoke(StandardWrapperValve.java:198)
	at org.apache.catalina.core.StandardContextValve.invoke(StandardContextValve.java:108)
	at org.apache.catalina.authenticator.AuthenticatorBase.invoke(AuthenticatorBase.java:472)
	at org.apache.catalina.core.StandardHostValve.invoke(StandardHostValve.java:140)
	at org.apache.catalina.valves.ErrorReportValve.invoke(ErrorReportValve.java:79)
	at org.apache.catalina.valves.AbstractAccessLogValve.invoke(AbstractAccessLogValve.java:620)
	at org.apache.catalina.core.StandardEngineValve.invoke(StandardEngineValve.java:87)
	at org.apache.catalina.connector.CoyoteAdapter.service(CoyoteAdapter.java:349)
	at org.apache.coyote.http11.Http11Processor.service(Http11Processor.java:784)
	at org.apache.coyote.AbstractProcessorLight.process(AbstractProcessorLight.java:66)
	at org.apache.coyote.AbstractProtocol$ConnectionHandler.process(AbstractProtocol.java:802)
	at org.apache.tomcat.util.net.NioEndpoint$SocketProcessor.doRun(NioEndpoint.java:1410)
	at org.apache.tomcat.util.net.SocketProcessorBase.run(SocketProcessorBase.java:49)
	at java.util.concurrent.ThreadPoolExecutor.runWorker(ThreadPoolExecutor.java:1142)
	at java.util.concurrent.ThreadPoolExecutor$Worker.run(ThreadPoolExecutor.java:617)
	at org.apache.tomcat.util.threads.TaskThread$WrappingRunnable.run(TaskThread.java:61)
	at java.lang.Thread.run(Thread.java:745)
Caused by: java.lang.ClassCastException: java.lang.String cannot be cast to java.lang.Integer
	at jp.terasoluna.toursample.uc_a01_01.blogic.RP_A01_01_01_02BLogicImpl.execute(RP_A01_01_01_02BLogicImpl.java:132)
	at jp.terasoluna.toursample.uc_a01_01.blogic.RP_A01_01_01_02BLogicImpl.execute(RP_A01_01_01_02BLogicImpl.java:1)
	at sun.reflect.NativeMethodAccessorImpl.invoke0(Native Method)
	at sun.reflect.NativeMethodAccessorImpl.invoke(NativeMethodAccessorImpl.java:62)
	at sun.reflect.DelegatingMethodAccessorImpl.invoke(DelegatingMethodAccessorImpl.java:43)
	at java.lang.reflect.Method.invoke(Method.java:498)
	at org.springframework.aop.support.AopUtils.invokeJoinpointUsingReflection(AopUtils.java:307)
	at org.springframework.aop.framework.ReflectiveMethodInvocation.invokeJoinpoint(ReflectiveMethodInvocation.java:182)
	at org.springframework.aop.framework.ReflectiveMethodInvocation.proceed(ReflectiveMethodInvocation.java:149)
	at org.springframework.transaction.interceptor.TransactionInterceptor.invoke(TransactionInterceptor.java:106)
	at org.springframework.aop.framework.ReflectiveMethodInvocation.proceed(ReflectiveMethodInvocation.java:171)
	at org.springframework.aop.interceptor.ExposeInvocationInterceptor.invoke(ExposeInvocationInterceptor.java:89)
	at org.springframework.aop.framework.ReflectiveMethodInvocation.proceed(ReflectiveMethodInvocation.java:171)
	at org.springframework.aop.framework.JdkDynamicAopProxy.invoke(JdkDynamicAopProxy.java:204)
	at com.sun.proxy.$Proxy6.execute(Unknown Source)
	at jp.terasoluna.fw.web.struts.actions.BLogicAction.doExecuteBLogic(BLogicAction.java:137)
	at jp.terasoluna.fw.web.struts.actions.AbstractBLogicAction.doExecute(AbstractBLogicAction.java:278)
	at jp.terasoluna.fw.web.struts.actions.ActionEx.execute(ActionEx.java:221)
	at org.apache.struts.action.RequestProcessor.processActionPerform(RequestProcessor.java:431)
	... 38 more
java.lang.ClassCastException: java.lang.String cannot be cast to java.lang.Integer
	at jp.terasoluna.toursample.uc_a01_01.blogic.RP_A01_01_01_02BLogicImpl.execute(RP_A01_01_01_02BLogicImpl.java:132)
	at jp.terasoluna.toursample.uc_a01_01.blogic.RP_A01_01_01_02BLogicImpl.execute(RP_A01_01_01_02BLogicImpl.java:1)
	at sun.reflect.NativeMethodAccessorImpl.invoke0(Native Method)
	at sun.reflect.NativeMethodAccessorImpl.invoke(NativeMethodAccessorImpl.java:62)
	at sun.reflect.DelegatingMethodAccessorImpl.invoke(DelegatingMethodAccessorImpl.java:43)
	at java.lang.reflect.Method.invoke(Method.java:498)
	at org.springframework.aop.support.AopUtils.invokeJoinpointUsingReflection(AopUtils.java:307)
	at org.springframework.aop.framework.ReflectiveMethodInvocation.invokeJoinpoint(ReflectiveMethodInvocation.java:182)
	at org.springframework.aop.framework.ReflectiveMethodInvocation.proceed(ReflectiveMethodInvocation.java:149)
	at org.springframework.transaction.interceptor.TransactionInterceptor.invoke(TransactionInterceptor.java:106)
	at org.springframework.aop.framework.ReflectiveMethodInvocation.proceed(ReflectiveMethodInvocation.java:171)
	at org.springframework.aop.interceptor.ExposeInvocationInterceptor.invoke(ExposeInvocationInterceptor.java:89)
	at org.springframework.aop.framework.ReflectiveMethodInvocation.proceed(ReflectiveMethodInvocation.java:171)
	at org.springframework.aop.framework.JdkDynamicAopProxy.invoke(JdkDynamicAopProxy.java:204)
	at com.sun.proxy.$Proxy6.execute(Unknown Source)
	at jp.terasoluna.fw.web.struts.actions.BLogicAction.doExecuteBLogic(BLogicAction.java:137)
	at jp.terasoluna.fw.web.struts.actions.AbstractBLogicAction.doExecute(AbstractBLogicAction.java:278)
	at jp.terasoluna.fw.web.struts.actions.ActionEx.execute(ActionEx.java:221)
	at org.apache.struts.action.RequestProcessor.processActionPerform(RequestProcessor.java:431)
	at org.apache.struts.action.RequestProcessor.process(RequestProcessor.java:236)
	at jp.terasoluna.fw.web.struts.action.RequestProcessorEx.process(RequestProcessorEx.java:149)
	at org.apache.struts.action.ActionServlet.process(ActionServlet.java:1196)
	at org.apache.struts.action.ActionServlet.doPost(ActionServlet.java:432)
	at javax.servlet.http.HttpServlet.service(HttpServlet.java:648)
	at javax.servlet.http.HttpServlet.service(HttpServlet.java:729)
	at org.apache.catalina.core.ApplicationFilterChain.internalDoFilter(ApplicationFilterChain.java:230)
	at org.apache.catalina.core.ApplicationFilterChain.doFilter(ApplicationFilterChain.java:165)
	at org.apache.tomcat.websocket.server.WsFilter.doFilter(WsFilter.java:52)
	at org.apache.catalina.core.ApplicationFilterChain.internalDoFilter(ApplicationFilterChain.java:192)
	at org.apache.catalina.core.ApplicationFilterChain.doFilter(ApplicationFilterChain.java:165)
	at jp.terasoluna.fw.web.thin.AuthenticationControlFilter.doFilter(AuthenticationControlFilter.java:227)
	at org.apache.catalina.core.ApplicationFilterChain.internalDoFilter(ApplicationFilterChain.java:192)
	at org.apache.catalina.core.ApplicationFilterChain.doFilter(ApplicationFilterChain.java:165)
	at jp.terasoluna.fw.web.thin.ExtensionFilter.doFilter(ExtensionFilter.java:232)
	at org.apache.catalina.core.ApplicationFilterChain.internalDoFilter(ApplicationFilterChain.java:192)
	at org.apache.catalina.core.ApplicationFilterChain.doFilter(ApplicationFilterChain.java:165)
	at org.springframework.web.filter.CharacterEncodingFilter.doFilterInternal(CharacterEncodingFilter.java:96)
	at org.springframework.web.filter.OncePerRequestFilter.doFilter(OncePerRequestFilter.java:76)
	at org.apache.catalina.core.ApplicationFilterChain.internalDoFilter(ApplicationFilterChain.java:192)
	at org.apache.catalina.core.ApplicationFilterChain.doFilter(ApplicationFilterChain.java:165)
	at org.apache.catalina.core.StandardWrapperValve.invoke(StandardWrapperValve.java:198)
	at org.apache.catalina.core.StandardContextValve.invoke(StandardContextValve.java:108)
	at org.apache.catalina.authenticator.AuthenticatorBase.invoke(AuthenticatorBase.java:472)
	at org.apache.catalina.core.StandardHostValve.invoke(StandardHostValve.java:140)
	at org.apache.catalina.valves.ErrorReportValve.invoke(ErrorReportValve.java:79)
	at org.apache.catalina.valves.AbstractAccessLogValve.invoke(AbstractAccessLogValve.java:620)
	at org.apache.catalina.core.StandardEngineValve.invoke(StandardEngineValve.java:87)
	at org.apache.catalina.connector.CoyoteAdapter.service(CoyoteAdapter.java:349)
	at org.apache.coyote.http11.Http11Processor.service(Http11Processor.java:784)
	at org.apache.coyote.AbstractProcessorLight.process(AbstractProcessorLight.java:66)
	at org.apache.coyote.AbstractProtocol$ConnectionHandler.process(AbstractProtocol.java:802)
	at org.apache.tomcat.util.net.NioEndpoint$SocketProcessor.doRun(NioEndpoint.java:1410)
	at org.apache.tomcat.util.net.SocketProcessorBase.run(SocketProcessorBase.java:49)
	at java.util.concurrent.ThreadPoolExecutor.runWorker(ThreadPoolExecutor.java:1142)
	at java.util.concurrent.ThreadPoolExecutor$Worker.run(ThreadPoolExecutor.java:617)
	at org.apache.tomcat.util.threads.TaskThread$WrappingRunnable.run(TaskThread.java:61)
	at java.lang.Thread.run(Thread.java:745)
	
	
	Map は raw 型です。総称型 Map<K,V> への参照は、パラメーター化する必要があります
	Classはraw型です。総称型Class<T>への参照は、パラメーター化する必要があります
	http://did2.blog64.fc2.com/blog-entry-299.html
	Java1.5以降から
List<String> list = new ArrayList<String>();
みたいにあらかじめ宣言の時にそこに何が入るかの型を指定するようになってます。
	https://detail.chiebukuro.yahoo.co.jp/qa/question_detail/q1287653992
	
	
	https://amg-solution.jp/blog/10052
	
	
	警告
	説明	リソース	パス	ロケーション	型
型の安全性: getParameterMap(ActionForm, HttpServletRequest) の型 RP_A01_05_01_01Action からの戻りの型 Map は、未検査の型変換を使用して型 AbstractReportAction<T> から Map<ActionMapping,HttpServletRequest> に準拠するようにする必要があります	RP_A01_05_01_01Action.java	/toursample-javaweb/sources/jp/terasoluna/toursample/uc_a01_05/action	行 78	Java 問題

	
	説明	リソース	パス	ロケーション	型
Map は raw 型です。総称型 Map<K,V> への参照は、パラメーター化する必要があります	RP_A01_05_01_01Action.java	/toursample-javaweb/sources/jp/terasoluna/toursample/uc_a01_05/action	行 78	Java 問題

	
	
	
	
-------------------------------------------------------

atomでsphinxを使用するときの設定
http://qiita.com/tsujimitsu/items/907d7a2fae2057d0fb1f
https://www.cresco.co.jp/blog/entry/955/


必要なもの
Atom
パッケージ
pandoc
rst-preview-pandoc
language-reStructuredText



pandocのインストール
環境変数を通す
PATH
C:\Users\terafw0672\AppData\Local\Pandoc

pandoc --version
で確認


-------------------------------------------------------
atomでエラー

Uncaught Error: tunneling socket could not be established, statusCode=407
stream.js:74
Show Stack Trace
This is likely a bug in Atom.
Create issue on atom/atom


http://d-and-i.hatenablog.com/entry/2016/09/19/090000




-------------------------------------------------------
使用環境
postgresqlにmvnプロジェクトでDBを構築しようとした

$ mvn -f atrs-initdb/pom.xml sql:execute

状況



エラー内容

$ mvn -f atrs-initdb/pom.xml sql:execute
[INFO] Scanning for projects...
[INFO]
[INFO] ------------------------------------------------------------------------
[INFO] Building atrs-initdb 1.1.0.RELEASE
[INFO] ------------------------------------------------------------------------
[INFO]
[INFO] --- sql-maven-plugin:1.5:execute (default-cli) @ atrs-initdb ---
[INFO] ------------------------------------------------------------------------
[INFO] BUILD FAILURE
[INFO] ------------------------------------------------------------------------
[INFO] Total time: 2.445 s
[INFO] Finished at: 2017-09-05T16:31:17+09:00
[INFO] Final Memory: 10M/123M
[INFO] ------------------------------------------------------------------------
[ERROR] Failed to execute goal org.codehaus.mojo:sql-maven-plugin:1.5:execute (default-cli)
 on project atrs-initdb: 接続試行は失敗しました。: UTF-8シーケンス違反: 初期バイトは、10xxx
xxx: 131 -> [Help 1]
[ERROR]
[ERROR] To see the full stack trace of the errors, re-run Maven with the -e switch.
[ERROR] Re-run Maven using the -X switch to enable full debug logging.
[ERROR]
[ERROR] For more information about the errors and possible solutions, please read the follo
wing articles:
[ERROR] [Help 1] http://cwiki.apache.org/confluence/display/MAVEN/MojoExecutionException



原因
pom.xmlの設定

<project xmlns="http://maven.apache.org/POM/4.0.0" xmlns:xsi="http://www.w3.org/2001/XMLSchema-instance" xsi:schemaLocation="http://maven.apache.org/POM/4.0.0 http://maven.apache.org/xsd/maven-4.0.0.xsd">
  <modelVersion>4.0.0</modelVersion>

  <parent>
    <groupId>jp.co.ntt.atrs</groupId>
    <artifactId>atrs-parent</artifactId>
    <version>1.1.0.RELEASE</version>
    <relativePath>../atrs-parent/pom.xml</relativePath>
  </parent>

  <artifactId>atrs-initdb</artifactId>
  <name>${project.artifactId}</name>

  <profiles>
    <profile>
      <id>local-postgres</id>
      <activation>
        <activeByDefault>true</activeByDefault>
      </activation>
      <properties>
        <db.encoding>UTF8</db.encoding>
        <db.basedir>src/sqls/postgres</db.basedir>
        <db.url>jdbc:postgresql://127.0.0.1:5432/atrs</db.url>
        <db.username>postgres</db.username>
        <db.password>postgres</db.password>
        <db.driver>org.postgresql.Driver</db.driver>
        <db.groupId>org.postgresql</db.groupId>
        <db.artifactId>postgresql</db.artifactId>
        <db.version>${postgresql.version}</db.version>
        <db.delimiterType>row</db.delimiterType>
      </properties>
    </profile>
  </profiles>

  <build>
    <plugins>
      <plugin>
        <groupId>org.codehaus.mojo</groupId>
        <artifactId>sql-maven-plugin</artifactId>
        <version>1.5</version>
        <dependencies>
          <dependency>
            <groupId>${db.groupId}</groupId>
            <artifactId>${db.artifactId}</artifactId>
            <version>${db.version}</version>
          </dependency>
        </dependencies>
        <configuration>
          <driver>${db.driver}</driver>
          <url>${db.url}</url>
          <username>${db.username}</username>
          <password>${db.password}</password>
          <encoding>${db.encoding}</encoding>
          <autocommit>false</autocommit>
          <delimiterType>${db.delimiterType}</delimiterType>
          <onError>continue</onError>
          <skip>false</skip>
          <fileset>
            <basedir>${db.basedir}</basedir>
            <includes>
              <include>0*.sql</include>
            </includes>
          </fileset>
          <orderFile>ascending</orderFile>
        </configuration>
      </plugin>
    </plugins>
  </build>
</project>



解決策

https://jar-download.com/explore-java-source-code-detail.php?file=./javaSource/org.postgresql/postgresql/9.4.1210/org/postgresql/translation/ja.po&key=b64db1974c5e26b32f8e01c2af2584b5


http://nobeans.hatenablog.com/entry/20080421/1208755170

UTF8⇒UTF-8に変更してみる

$ mvn -f atrs-initdb/pom.xml sql:execute
[INFO] Scanning for projects...
[INFO]
[INFO] ------------------------------------------------------------------------
[INFO] Building atrs-initdb 1.1.0.RELEASE
[INFO] ------------------------------------------------------------------------
[INFO]
[INFO] --- sql-maven-plugin:1.5:execute (default-cli) @ atrs-initdb ---
[INFO] ------------------------------------------------------------------------
[INFO] BUILD FAILURE
[INFO] ------------------------------------------------------------------------
[INFO] Total time: 1.067 s
[INFO] Finished at: 2017-09-05T17:01:38+09:00
[INFO] Final Memory: 10M/155M
[INFO] ------------------------------------------------------------------------
[ERROR] Failed to execute goal org.codehaus.mojo:sql-maven-plugin:1.5:execute (default-cli)
 on project atrs-initdb: Execution default-cli of goal org.codehaus.mojo:sql-maven-plugin:1
.5:execute failed: basedir src\sqls\postgres does not exist -> [Help 1]
[ERROR]
[ERROR] To see the full stack trace of the errors, re-run Maven with the -e switch.
[ERROR] Re-run Maven using the -X switch to enable full debug logging.
[ERROR]
[ERROR] For more information about the errors and possible solutions, please read the follo
wing articles:
[ERROR] [Help 1] http://cwiki.apache.org/confluence/display/MAVEN/PluginExecutionException



UTF-8⇒UTF8に戻す
$ mvn -f atrs-initdb/pom.xml sql:execute
[INFO] Scanning for projects...
[INFO]
[INFO] ------------------------------------------------------------------------
[INFO] Building atrs-initdb 1.1.0.RELEASE
[INFO] ------------------------------------------------------------------------
[INFO]
[INFO] --- sql-maven-plugin:1.5:execute (default-cli) @ atrs-initdb ---
[INFO] Executing file: C:\work\atrs\atrs-initdb\src\sqls\postgres\00000_drop_all_tables.sql

[INFO] Executing file: C:\work\atrs\atrs-initdb\src\sqls\postgres\00100_create_all_tables.s
ql
[INFO] Executing file: C:\work\atrs\atrs-initdb\src\sqls\postgres\00200_insert_fixed_value.
sql
[INFO] Executing file: C:\work\atrs\atrs-initdb\src\sqls\postgres\00210_insert_route.sql
[INFO] Executing file: C:\work\atrs\atrs-initdb\src\sqls\postgres\00220_insert_flight_maste
r.sql
[INFO] Executing file: C:\work\atrs\atrs-initdb\src\sqls\postgres\00230_insert_member.sql
[INFO] Executing file: C:\work\atrs\atrs-initdb\src\sqls\postgres\00240_insert_peak_time.sq
l
[INFO] Executing file: C:\work\atrs\atrs-initdb\src\sqls\postgres\00250_insert_flight.sql
[INFO] 8 of 8 SQL statements executed successfully
[INFO] ------------------------------------------------------------------------
[INFO] BUILD SUCCESS
[INFO] ------------------------------------------------------------------------
[INFO] Total time: 14.086 s
[INFO] Finished at: 2017-09-05T17:02:21+09:00
[INFO] Final Memory: 9M/155M
[INFO] ------------------------------------------------------------------------




-------------------------------------------------------
使用環境
mavenのpom.xmlの依存関係取得先をmavenからローカルリポジトリ(NEXUS管理)に変更した時のエラー

状況
社内プロキシ設定がされているsetings.xmlをNEXUSにアクセスできるように設定。

今まで
<settings xmlns="http://maven.apache.org/SETTINGS/1.0.0"
 xmlns:xsi="http://www.w3.org/2001/XMLSchema-instance"
 xsi:schemaLocation="http://maven.apache.org/SETTINGS/1.0.0
                     https://maven.apache.org/xsd/settings-1.0.0.xsd">
 

 <proxies>
   <proxy>
     <id>myproxy</id>
     <active>true</active>
      <protocol>http</protocol>
      <host>127.0.0.1</host>
      <port>8080</port>
      <username>U602896</username>
      <password>6yhn5tgb</password>
      <nonProxyHosts>*.google.com|ibiblio.org</nonProxyHosts>
    </proxy>
  </proxies>
</settings>

↓
修正後
<settings xmlns="http://maven.apache.org/SETTINGS/1.0.0"
 xmlns:xsi="http://www.w3.org/2001/XMLSchema-instance"
 xsi:schemaLocation="http://maven.apache.org/SETTINGS/1.0.0
                     https://maven.apache.org/xsd/settings-1.0.0.xsd">
 

 <proxies>
   <proxy>
     <id>myproxy</id>
     <active>true</active>
      <protocol>http</protocol>
      <host>127.0.0.1</host>
      <port>8080</port>
      <username>U602896</username>
      <password>6yhn5tgb</password>
      <nonProxyHosts>*.google.com|ibiblio.org</nonProxyHosts>
    </proxy>
  </proxies>
</settings>

<servers>
    <server>
        <id>nexus</id>
        <username>btitouknzf</username>
        <password>6yhn5tgb</password>
    </server>
</servers>

<mirrors>
    <mirror>        
        <id>nexus</id>
        <mirrorOf>*</mirrorOf>
        <url>https://repo1.x-network.jp/nexus/repository/maven_public/</url>
    </mirror>
</mirrors>

STSで対象のmavenプロジェクトを実行した。

エラー内容
jarファイルが取得できていない。それどころか、STSの動作が極端に重くなった。
pom.xmlのdependencyで設定したjarが格納されるはずのディレクトリにはjarファイルは無く、
terasoluna-security-validator-web-1.0.0.pom.lastUpdatedというファイルが存在していた。

#NOTE: This is an Aether internal implementation file, its format can be changed without prior notice.
#Mon Sep 04 15:03:32 JST 2017
cd1ab7e1b294b0fdf3ccfebd1aca8ecb843d92cb@127.0.0.1\:8080>0fbad087be4a40bcae4645dabbf9387e30d44792@default-nexus-https\://repo1.x-network.jp/nexus/repository/maven_public/.lastUpdated=1504505012627
https\://repo1.x-network.jp/nexus/repository/maven_public/.error=Could not transfer artifact jp.terasoluna.fw.lib\:terasoluna-security-validator-web\:pom\:1.0.0 from/to nexus (https\://repo1.x-network.jp/nexus/repository/maven_public/)\: Connection reset


原因

http://ponkotsusechan.hatenadiary.jp/entry/2016/02/01/173000
Eclipseのプロキシ設定，mavenのsettings.xmlのどこかがいけてない可能性

解決策

ploxy設定とnexusにとりにいく際の設定が競合していた？

<settings xmlns="http://maven.apache.org/SETTINGS/1.0.0"
 xmlns:xsi="http://www.w3.org/2001/XMLSchema-instance"
 xsi:schemaLocation="http://maven.apache.org/SETTINGS/1.0.0
                     https://maven.apache.org/xsd/settings-1.0.0.xsd">
 
<servers>
    <server>
        <id>nexus</id>
        <username>btitouknzf</username>
        <password>6yhn5tgb</password>
    </server>
</servers>

<mirrors>
    <mirror>        
        <id>nexus</id>
        <mirrorOf>*</mirrorOf>
        <url>https://repo1.x-network.jp/nexus/repository/maven_public/</url>
    </mirror>
</mirrors>

これで、正常にとりにいけた。

または、
<settings xmlns="http://maven.apache.org/SETTINGS/1.0.0"
 xmlns:xsi="http://www.w3.org/2001/XMLSchema-instance"
 xsi:schemaLocation="http://maven.apache.org/SETTINGS/1.0.0
                     https://maven.apache.org/xsd/settings-1.0.0.xsd">
 

 <proxies>
   <proxy>
     <id>myproxy</id>
     <active>true</active>
      <protocol>http</protocol>
      <host>127.0.0.1</host>
      <port>8080</port>
      <username>U602896</username>
      <password>6yhn5tgb</password>
      <nonProxyHosts>*.google.com|ibiblio.org|*.x-network.jp</nonProxyHosts>
      </proxy>
  </proxies>
</settings>

<servers>
    <server>
        <id>nexus</id>
        <username>btitouknzf</username>
        <password>6yhn5tgb</password>
    </server>
</servers>

<mirrors>
    <mirror>        
        <id>nexus</id>
        <mirrorOf>*</mirrorOf>
        <url>https://repo1.x-network.jp/nexus/repository/maven_public/</url>
    </mirror>
</mirrors>

で、nexusのサーバにアクセスしに行くときはploxy設定を無効にすることができる。


-------------------------------------------------------

spring-test+Dbsetup spring-test+Dbunit+spring-test-Dbunit spring-test
のリポジトリテスト実施方法の違い

-------------------------------------------------------

MockMVC
二つのモード
StandaloneSetupとwebAppContextSetupの違い

configurationコンフィギュレーション
設定・登録という意味？

Spring徹底入門
https://www.slideshare.net/KouheiToki/spring-66768974
http://terasolunaorg.github.io/guideline/5.0.0.RELEASE/ja/ImplementationAtEachLayer/CreateWebApplicationProject.html#bean
standalonesetup
http://qiita.com/NetPenguin/items/0e06779ecdd48d24a5db
webappcontextsetup
http://kuwalab.hatenablog.jp/entry/20130402/p1

https://myshittycode.com/2014/01/16/mockmvc-mockito-epic-tests/
-------------------------------------------------------

RestControllerとControllerの単体テストの方法の違い
http://qiita.com/tag1216/items/3680b92cf96eb5a170f0
http://qiita.com/NetPenguin/items/0e06779ecdd48d24a5db
https://yo1000.gitbooks.io/self-study-spring/content/appendix1.html

-------------------------------------------------------
controllerのテスト
mockMvc standalonesetup

		//make request mock
		MockHttpServletRequestBuilder getRequest =
				MockMvcRequestBuilders.get("/ticket/search").param("flightForm", "");
		
		//run test
		ResultActions results = mockMvc.perform(getRequest);

org.springframework.web.util.NestedServletException: Request processing failed; nested exception is javax.validation.ValidationException: HV000032: Unable to initialize org.terasoluna.gfw.common.codelist.validator.ExistInCodeListValidatorForCharSequence.
	at org.springframework.web.servlet.FrameworkServlet.processRequest(FrameworkServlet.java:979)
	at org.springframework.web.servlet.FrameworkServlet.doGet(FrameworkServlet.java:858)
	at javax.servlet.http.HttpServlet.service(HttpServlet.java:622)
	at org.springframework.web.servlet.FrameworkServlet.service(FrameworkServlet.java:843)
	at org.springframework.test.web.servlet.TestDispatcherServlet.service(TestDispatcherServlet.java:65)
	at javax.servlet.http.HttpServlet.service(HttpServlet.java:729)
	at org.springframework.mock.web.MockFilterChain$ServletFilterProxy.doFilter(MockFilterChain.java:167)
	at org.springframework.mock.web.MockFilterChain.doFilter(MockFilterChain.java:134)
	at org.springframework.test.web.servlet.MockMvc.perform(MockMvc.java:155)
	at jp.co.ntt.atrs.app.b1.TicketSearchControllerTest.testSearchFlightForm(TicketSearchControllerTest.java:69)
	at sun.reflect.NativeMethodAccessorImpl.invoke0(Native Method)
	at sun.reflect.NativeMethodAccessorImpl.invoke(NativeMethodAccessorImpl.java:62)
	at sun.reflect.DelegatingMethodAccessorImpl.invoke(DelegatingMethodAccessorImpl.java:43)
	at java.lang.reflect.Method.invoke(Method.java:498)
	at org.junit.runners.model.FrameworkMethod$1.runReflectiveCall(FrameworkMethod.java:50)
	at org.junit.internal.runners.model.ReflectiveCallable.run(ReflectiveCallable.java:12)
	at org.junit.runners.model.FrameworkMethod.invokeExplosively(FrameworkMethod.java:47)
	at org.junit.internal.runners.statements.InvokeMethod.evaluate(InvokeMethod.java:17)
	at org.junit.internal.runners.statements.RunBefores.evaluate(RunBefores.java:26)
	at org.junit.runners.ParentRunner.runLeaf(ParentRunner.java:325)
	at org.junit.runners.BlockJUnit4ClassRunner.runChild(BlockJUnit4ClassRunner.java:78)
	at org.junit.runners.BlockJUnit4ClassRunner.runChild(BlockJUnit4ClassRunner.java:57)
	at org.junit.runners.ParentRunner$3.run(ParentRunner.java:290)
	at org.junit.runners.ParentRunner$1.schedule(ParentRunner.java:71)
	at org.junit.runners.ParentRunner.runChildren(ParentRunner.java:288)
	at org.junit.runners.ParentRunner.access$000(ParentRunner.java:58)
	at org.junit.runners.ParentRunner$2.evaluate(ParentRunner.java:268)
	at org.junit.runners.ParentRunner.run(ParentRunner.java:363)
	at org.eclipse.jdt.internal.junit4.runner.JUnit4TestReference.run(JUnit4TestReference.java:86)
	at org.eclipse.jdt.internal.junit.runner.TestExecution.run(TestExecution.java:38)
	at org.eclipse.jdt.internal.junit.runner.RemoteTestRunner.runTests(RemoteTestRunner.java:459)
	at org.eclipse.jdt.internal.junit.runner.RemoteTestRunner.runTests(RemoteTestRunner.java:678)
	at org.eclipse.jdt.internal.junit.runner.RemoteTestRunner.run(RemoteTestRunner.java:382)
	at org.eclipse.jdt.internal.junit.runner.RemoteTestRunner.main(RemoteTestRunner.java:192)
Caused by: javax.validation.ValidationException: HV000032: Unable to initialize org.terasoluna.gfw.common.codelist.validator.ExistInCodeListValidatorForCharSequence.
	at org.hibernate.validator.internal.engine.constraintvalidation.ConstraintValidatorManager.initializeConstraint(ConstraintValidatorManager.java:264)
	at org.hibernate.validator.internal.engine.constraintvalidation.ConstraintValidatorManager.createAndInitializeValidator(ConstraintValidatorManager.java:183)
	at org.hibernate.validator.internal.engine.constraintvalidation.ConstraintValidatorManager.getInitializedValidator(ConstraintValidatorManager.java:122)
	at org.hibernate.validator.internal.engine.constraintvalidation.ConstraintTree.getConstraintValidatorNoUnwrapping(ConstraintTree.java:303)
	at org.hibernate.validator.internal.engine.constraintvalidation.ConstraintTree.getConstraintValidatorInstanceForAutomaticUnwrapping(ConstraintTree.java:244)
	at org.hibernate.validator.internal.engine.constraintvalidation.ConstraintTree.getInitializedConstraintValidator(ConstraintTree.java:163)
	at org.hibernate.validator.internal.engine.constraintvalidation.ConstraintTree.validateConstraints(ConstraintTree.java:116)
	at org.hibernate.validator.internal.engine.constraintvalidation.ConstraintTree.validateConstraints(ConstraintTree.java:87)
	at org.hibernate.validator.internal.metadata.core.MetaConstraint.validateConstraint(MetaConstraint.java:73)
	at org.hibernate.validator.internal.engine.ValidatorImpl.validateMetaConstraint(ValidatorImpl.java:617)
	at org.hibernate.validator.internal.engine.ValidatorImpl.validateConstraint(ValidatorImpl.java:580)
	at org.hibernate.validator.internal.engine.ValidatorImpl.validateConstraintsForSingleDefaultGroupElement(ValidatorImpl.java:524)
	at org.hibernate.validator.internal.engine.ValidatorImpl.validateConstraintsForDefaultGroup(ValidatorImpl.java:492)
	at org.hibernate.validator.internal.engine.ValidatorImpl.validateConstraintsForCurrentGroup(ValidatorImpl.java:457)
	at org.hibernate.validator.internal.engine.ValidatorImpl.validateInContext(ValidatorImpl.java:407)
	at org.hibernate.validator.internal.engine.ValidatorImpl.validate(ValidatorImpl.java:205)
	at org.springframework.validation.beanvalidation.SpringValidatorAdapter.validate(SpringValidatorAdapter.java:92)
	at org.springframework.validation.DataBinder.validate(DataBinder.java:869)
	at org.springframework.web.method.annotation.ModelAttributeMethodProcessor.validateIfApplicable(ModelAttributeMethodProcessor.java:164)
	at org.springframework.web.method.annotation.ModelAttributeMethodProcessor.resolveArgument(ModelAttributeMethodProcessor.java:111)
	at org.springframework.web.method.support.HandlerMethodArgumentResolverComposite.resolveArgument(HandlerMethodArgumentResolverComposite.java:99)
	at org.springframework.web.method.support.InvocableHandlerMethod.getMethodArgumentValues(InvocableHandlerMethod.java:161)
	at org.springframework.web.method.support.InvocableHandlerMethod.invokeForRequest(InvocableHandlerMethod.java:128)
	at org.springframework.web.servlet.mvc.method.annotation.ServletInvocableHandlerMethod.invokeAndHandle(ServletInvocableHandlerMethod.java:110)
	at org.springframework.web.servlet.mvc.method.annotation.RequestMappingHandlerAdapter.invokeHandlerMethod(RequestMappingHandlerAdapter.java:832)
	at org.springframework.web.servlet.mvc.method.annotation.RequestMappingHandlerAdapter.handleInternal(RequestMappingHandlerAdapter.java:743)
	at org.springframework.web.servlet.mvc.method.AbstractHandlerMethodAdapter.handle(AbstractHandlerMethodAdapter.java:85)
	at org.springframework.web.servlet.DispatcherServlet.doDispatch(DispatcherServlet.java:961)
	at org.springframework.web.servlet.DispatcherServlet.doService(DispatcherServlet.java:895)
	at org.springframework.web.servlet.FrameworkServlet.processRequest(FrameworkServlet.java:967)
	... 33 more
Caused by: java.lang.NullPointerException
	at org.terasoluna.gfw.common.codelist.validator.AbstractExistInCodeListValidator.initialize(AbstractExistInCodeListValidator.java:55)
	at org.terasoluna.gfw.common.codelist.validator.AbstractExistInCodeListValidator.initialize(AbstractExistInCodeListValidator.java:35)
	at org.hibernate.validator.internal.engine.constraintvalidation.ConstraintValidatorManager.initializeConstraint(ConstraintValidatorManager.java:261)
	... 62 more





-------------------------------------------------------

java.lang.AssertionError: Status expected:<200> but was:<400>
	at org.springframework.test.util.AssertionErrors.fail(AssertionErrors.java:60)
	at org.springframework.test.util.AssertionErrors.assertEquals(AssertionErrors.java:89)
	at org.springframework.test.web.servlet.result.StatusResultMatchers$10.match(StatusResultMatchers.java:655)
	at org.springframework.test.web.servlet.MockMvc$1.andExpect(MockMvc.java:171)
	at jp.co.ntt.atrs.app.b1.TicketSearchControllerTest.testSearchFlightForm(TicketSearchControllerTest.java:74)
	at sun.reflect.NativeMethodAccessorImpl.invoke0(Native Method)
	at sun.reflect.NativeMethodAccessorImpl.invoke(NativeMethodAccessorImpl.java:62)
	at sun.reflect.DelegatingMethodAccessorImpl.invoke(DelegatingMethodAccessorImpl.java:43)
	at java.lang.reflect.Method.invoke(Method.java:498)
	at org.junit.runners.model.FrameworkMethod$1.runReflectiveCall(FrameworkMethod.java:50)
	at org.junit.internal.runners.model.ReflectiveCallable.run(ReflectiveCallable.java:12)
	at org.junit.runners.model.FrameworkMethod.invokeExplosively(FrameworkMethod.java:47)
	at org.junit.internal.runners.statements.InvokeMethod.evaluate(InvokeMethod.java:17)
	at org.junit.internal.runners.statements.RunBefores.evaluate(RunBefores.java:26)
	at org.junit.runners.ParentRunner.runLeaf(ParentRunner.java:325)
	at org.junit.runners.BlockJUnit4ClassRunner.runChild(BlockJUnit4ClassRunner.java:78)
	at org.junit.runners.BlockJUnit4ClassRunner.runChild(BlockJUnit4ClassRunner.java:57)
	at org.junit.runners.ParentRunner$3.run(ParentRunner.java:290)
	at org.junit.runners.ParentRunner$1.schedule(ParentRunner.java:71)
	at org.junit.runners.ParentRunner.runChildren(ParentRunner.java:288)
	at org.junit.runners.ParentRunner.access$000(ParentRunner.java:58)
	at org.junit.runners.ParentRunner$2.evaluate(ParentRunner.java:268)
	at org.junit.runners.ParentRunner.run(ParentRunner.java:363)
	at org.eclipse.jdt.internal.junit4.runner.JUnit4TestReference.run(JUnit4TestReference.java:86)
	at org.eclipse.jdt.internal.junit.runner.TestExecution.run(TestExecution.java:38)
	at org.eclipse.jdt.internal.junit.runner.RemoteTestRunner.runTests(RemoteTestRunner.java:459)
	at org.eclipse.jdt.internal.junit.runner.RemoteTestRunner.runTests(RemoteTestRunner.java:678)
	at org.eclipse.jdt.internal.junit.runner.RemoteTestRunner.run(RemoteTestRunner.java:382)
	at org.eclipse.jdt.internal.junit.runner.RemoteTestRunner.main(RemoteTestRunner.java:192)





15:06:35,460 |-INFO in ch.qos.logback.classic.joran.JoranConfigurator@3b084709 - Registering current configuration as safe fallback point

date:2017-09-15 15:06:36	thread:main	user:	X-Track:	level:INFO 	logger:o.s.w.s.m.m.a.RequestMappingHandlerAdapter      	message:Looking for @ControllerAdvice: org.springframework.test.web.servlet.setup.StubWebApplicationContext@15d0c81b
aaaa

MockHttpServletRequest:
      HTTP Method = GET
      Request URI = /ticket/search
       Parameters = {}
          Headers = {}

Handler:
             Type = null

Async:
    Async started = false
     Async result = null

Resolved Exception:
             Type = org.springframework.web.bind.UnsatisfiedServletRequestParameterException

ModelAndView:
        View name = null
             View = null
            Model = null

FlashMap:
       Attributes = null

MockHttpServletResponse:
           Status = 400
    Error message = Parameter conditions "flightForm" OR "redo" OR "topForm" OR "form" not met for actual request parameters: 
          Headers = {}
     Content type = null
             Body = 
    Forwarded URL = null
   Redirected URL = null
          Cookies = []








-------------------------------------------------------


Junitテストでbatchを動かそうとしたらエラー

java.lang.NoSuchMethodError: org.springframework.util.Assert.notNull(Ljava/lang/Object;Ljava/util/function/Supplier;)V
	at org.springframework.test.context.support.ContextLoaderUtils.resolveContextConfigurationAttributes(ContextLoaderUtils.java:240)
	at org.springframework.test.context.support.AbstractTestContextBootstrapper.buildMergedContextConfiguration(AbstractTestContextBootstrapper.java:304)
	at org.springframework.test.context.support.AbstractTestContextBootstrapper.buildTestContext(AbstractTestContextBootstrapper.java:109)
	at org.springframework.test.context.TestContextManager.<init>(TestContextManager.java:135)
	at org.springframework.test.context.TestContextManager.<init>(TestContextManager.java:120)
	at org.springframework.test.context.junit4.SpringJUnit4ClassRunner.createTestContextManager(SpringJUnit4ClassRunner.java:151)
	at org.springframework.test.context.junit4.SpringJUnit4ClassRunner.<init>(SpringJUnit4ClassRunner.java:142)
	at sun.reflect.NativeConstructorAccessorImpl.newInstance0(Native Method)
	at sun.reflect.NativeConstructorAccessorImpl.newInstance(Unknown Source)
	at sun.reflect.DelegatingConstructorAccessorImpl.newInstance(Unknown Source)
	at java.lang.reflect.Constructor.newInstance(Unknown Source)
	at org.junit.internal.builders.AnnotatedBuilder.buildRunner(AnnotatedBuilder.java:104)
	at org.junit.internal.builders.AnnotatedBuilder.runnerForClass(AnnotatedBuilder.java:86)
	at org.junit.runners.model.RunnerBuilder.safeRunnerForClass(RunnerBuilder.java:59)
	at org.junit.internal.builders.AllDefaultPossibilitiesBuilder.runnerForClass(AllDefaultPossibilitiesBuilder.java:26)
	at org.junit.runners.model.RunnerBuilder.safeRunnerForClass(RunnerBuilder.java:59)
	at org.junit.internal.requests.ClassRequest.getRunner(ClassRequest.java:33)
	at org.eclipse.jdt.internal.junit4.runner.JUnit4TestLoader.createUnfilteredTest(JUnit4TestLoader.java:87)
	at org.eclipse.jdt.internal.junit4.runner.JUnit4TestLoader.createTest(JUnit4TestLoader.java:73)
	at org.eclipse.jdt.internal.junit4.runner.JUnit4TestLoader.loadTests(JUnit4TestLoader.java:46)
	at org.eclipse.jdt.internal.junit.runner.RemoteTestRunner.runTests(RemoteTestRunner.java:523)
	at org.eclipse.jdt.internal.junit.runner.RemoteTestRunner.runTests(RemoteTestRunner.java:761)
	at org.eclipse.jdt.internal.junit.runner.RemoteTestRunner.run(RemoteTestRunner.java:461)
	at org.eclipse.jdt.internal.junit.runner.RemoteTestRunner.main(RemoteTestRunner.java:207)


org.springframework.util.Assertライブラリがなかった


以下のライブラリを追加
<!-- https://mvnrepository.com/artifact/org.springframework/spring-core -->
	<dependency>
    	<groupId>org.springframework</groupId>
    	<artifactId>spring-core</artifactId>
    	<version>5.0.2.RELEASE</version>
	</dependency>


-------------------------------------------------------

Junitでspring batchのテストを実行しようとしたらエラー

[2017/12/22 10:11:52] [main] [o.s.t.c.TestContextManager] [ERROR] Caught exception while allowing TestExecutionListener [org.springframework.test.context.support.DependencyInjectionTestExecutionListener@4d6e83] to prepare test instance [jp.co.nttdata.shinkin.batch.sample01.Sample01JobTaskletTest@6a17c4]
java.lang.IllegalStateException: Failed to load ApplicationContext
	at org.springframework.test.context.cache.DefaultCacheAwareContextLoaderDelegate.loadContext(DefaultCacheAwareContextLoaderDelegate.java:125) ~[spring-test-5.0.2.RELEASE.jar:5.0.2.RELEASE]
	at org.springframework.test.context.support.DefaultTestContext.getApplicationContext(DefaultTestContext.java:107) ~[spring-test-5.0.2.RELEASE.jar:5.0.2.RELEASE]
	at org.springframework.test.context.support.DependencyInjectionTestExecutionListener.injectDependencies(DependencyInjectionTestExecutionListener.java:117) ~[spring-test-5.0.2.RELEASE.jar:5.0.2.RELEASE]
	at org.springframework.test.context.support.DependencyInjectionTestExecutionListener.prepareTestInstance(DependencyInjectionTestExecutionListener.java:83) ~[spring-test-5.0.2.RELEASE.jar:5.0.2.RELEASE]
	at org.springframework.test.context.TestContextManager.prepareTestInstance(TestContextManager.java:242) ~[spring-test-5.0.2.RELEASE.jar:5.0.2.RELEASE]
	at org.springframework.test.context.junit4.SpringJUnit4ClassRunner.createTest(SpringJUnit4ClassRunner.java:227) [spring-test-5.0.2.RELEASE.jar:5.0.2.RELEASE]
	at org.springframework.test.context.junit4.SpringJUnit4ClassRunner$1.runReflectiveCall(SpringJUnit4ClassRunner.java:289) [spring-test-5.0.2.RELEASE.jar:5.0.2.RELEASE]
	at org.junit.internal.runners.model.ReflectiveCallable.run(ReflectiveCallable.java:12) [junit-4.12.jar:4.12]
	at org.springframework.test.context.junit4.SpringJUnit4ClassRunner.methodBlock(SpringJUnit4ClassRunner.java:291) [spring-test-5.0.2.RELEASE.jar:5.0.2.RELEASE]
	at org.springframework.test.context.junit4.SpringJUnit4ClassRunner.runChild(SpringJUnit4ClassRunner.java:246) [spring-test-5.0.2.RELEASE.jar:5.0.2.RELEASE]
	at org.springframework.test.context.junit4.SpringJUnit4ClassRunner.runChild(SpringJUnit4ClassRunner.java:97) [spring-test-5.0.2.RELEASE.jar:5.0.2.RELEASE]
	at org.junit.runners.ParentRunner$3.run(ParentRunner.java:290) [junit-4.12.jar:4.12]
	at org.junit.runners.ParentRunner$1.schedule(ParentRunner.java:71) [junit-4.12.jar:4.12]
	at org.junit.runners.ParentRunner.runChildren(ParentRunner.java:288) [junit-4.12.jar:4.12]
	at org.junit.runners.ParentRunner.access$000(ParentRunner.java:58) [junit-4.12.jar:4.12]
	at org.junit.runners.ParentRunner$2.evaluate(ParentRunner.java:268) [junit-4.12.jar:4.12]
	at org.springframework.test.context.junit4.statements.RunBeforeTestClassCallbacks.evaluate(RunBeforeTestClassCallbacks.java:61) [spring-test-5.0.2.RELEASE.jar:5.0.2.RELEASE]
	at org.springframework.test.context.junit4.statements.RunAfterTestClassCallbacks.evaluate(RunAfterTestClassCallbacks.java:70) [spring-test-5.0.2.RELEASE.jar:5.0.2.RELEASE]
	at org.junit.runners.ParentRunner.run(ParentRunner.java:363) [junit-4.12.jar:4.12]
	at org.springframework.test.context.junit4.SpringJUnit4ClassRunner.run(SpringJUnit4ClassRunner.java:190) [spring-test-5.0.2.RELEASE.jar:5.0.2.RELEASE]
	at org.eclipse.jdt.internal.junit4.runner.JUnit4TestReference.run(JUnit4TestReference.java:86) [.cp/:na]
	at org.eclipse.jdt.internal.junit.runner.TestExecution.run(TestExecution.java:38) [.cp/:na]
	at org.eclipse.jdt.internal.junit.runner.RemoteTestRunner.runTests(RemoteTestRunner.java:539) [.cp/:na]
	at org.eclipse.jdt.internal.junit.runner.RemoteTestRunner.runTests(RemoteTestRunner.java:761) [.cp/:na]
	at org.eclipse.jdt.internal.junit.runner.RemoteTestRunner.run(RemoteTestRunner.java:461) [.cp/:na]
	at org.eclipse.jdt.internal.junit.runner.RemoteTestRunner.main(RemoteTestRunner.java:207) [.cp/:na]
Caused by: org.springframework.beans.factory.BeanCreationException: Error creating bean with name 'sample01Job': Post-processing of FactoryBean's singleton object failed; nested exception is org.springframework.beans.FatalBeanException: Cannot register job configuration; nested exception is org.springframework.batch.core.configuration.DuplicateJobException: A job configuration with this name [sample01Job] was already registered
	at org.springframework.beans.factory.support.FactoryBeanRegistrySupport.getObjectFromFactoryBean(FactoryBeanRegistrySupport.java:114) ~[spring-beans-5.0.2.RELEASE.jar:5.0.2.RELEASE]
	at org.springframework.beans.factory.support.AbstractBeanFactory.getObjectForBeanInstance(AbstractBeanFactory.java:1640) ~[spring-beans-5.0.2.RELEASE.jar:5.0.2.RELEASE]
	at org.springframework.beans.factory.support.AbstractAutowireCapableBeanFactory.getObjectForBeanInstance(AbstractAutowireCapableBeanFactory.java:1178) ~[spring-beans-5.0.2.RELEASE.jar:5.0.2.RELEASE]
	at org.springframework.beans.factory.support.AbstractBeanFactory.doGetBean(AbstractBeanFactory.java:258) ~[spring-beans-5.0.2.RELEASE.jar:5.0.2.RELEASE]
	at org.springframework.beans.factory.support.AbstractBeanFactory.getBean(AbstractBeanFactory.java:200) ~[spring-beans-5.0.2.RELEASE.jar:5.0.2.RELEASE]
	at org.springframework.beans.factory.support.DefaultListableBeanFactory.preInstantiateSingletons(DefaultListableBeanFactory.java:754) ~[spring-beans-5.0.2.RELEASE.jar:5.0.2.RELEASE]
	at org.springframework.context.support.AbstractApplicationContext.finishBeanFactoryInitialization(AbstractApplicationContext.java:866) ~[spring-context-4.3.5.RELEASE.jar:4.3.5.RELEASE]
	at org.springframework.context.support.AbstractApplicationContext.refresh(AbstractApplicationContext.java:542) ~[spring-context-4.3.5.RELEASE.jar:4.3.5.RELEASE]
	at org.springframework.test.context.support.AbstractGenericContextLoader.loadContext(AbstractGenericContextLoader.java:128) ~[spring-test-5.0.2.RELEASE.jar:5.0.2.RELEASE]
	at org.springframework.test.context.support.AbstractGenericContextLoader.loadContext(AbstractGenericContextLoader.java:60) ~[spring-test-5.0.2.RELEASE.jar:5.0.2.RELEASE]
	at org.springframework.test.context.support.AbstractDelegatingSmartContextLoader.delegateLoading(AbstractDelegatingSmartContextLoader.java:109) ~[spring-test-5.0.2.RELEASE.jar:5.0.2.RELEASE]
	at org.springframework.test.context.support.AbstractDelegatingSmartContextLoader.loadContext(AbstractDelegatingSmartContextLoader.java:246) ~[spring-test-5.0.2.RELEASE.jar:5.0.2.RELEASE]
	at org.springframework.test.context.cache.DefaultCacheAwareContextLoaderDelegate.loadContextInternal(DefaultCacheAwareContextLoaderDelegate.java:99) ~[spring-test-5.0.2.RELEASE.jar:5.0.2.RELEASE]
	at org.springframework.test.context.cache.DefaultCacheAwareContextLoaderDelegate.loadContext(DefaultCacheAwareContextLoaderDelegate.java:117) ~[spring-test-5.0.2.RELEASE.jar:5.0.2.RELEASE]
	... 25 common frames omitted
Caused by: org.springframework.beans.FatalBeanException: Cannot register job configuration; nested exception is org.springframework.batch.core.configuration.DuplicateJobException: A job configuration with this name [sample01Job] was already registered
	at org.springframework.batch.core.configuration.support.JobRegistryBeanPostProcessor.postProcessAfterInitialization(JobRegistryBeanPostProcessor.java:150) ~[spring-batch-core-4.0.0.RELEASE.jar:4.0.0.RELEASE]
	at org.springframework.beans.factory.support.AbstractAutowireCapableBeanFactory.applyBeanPostProcessorsAfterInitialization(AbstractAutowireCapableBeanFactory.java:438) ~[spring-beans-5.0.2.RELEASE.jar:5.0.2.RELEASE]
	at org.springframework.beans.factory.support.AbstractAutowireCapableBeanFactory.postProcessObjectFromFactoryBean(AbstractAutowireCapableBeanFactory.java:1852) ~[spring-beans-5.0.2.RELEASE.jar:5.0.2.RELEASE]
	at org.springframework.beans.factory.support.FactoryBeanRegistrySupport.getObjectFromFactoryBean(FactoryBeanRegistrySupport.java:111) ~[spring-beans-5.0.2.RELEASE.jar:5.0.2.RELEASE]
	... 38 common frames omitted
Caused by: org.springframework.batch.core.configuration.DuplicateJobException: A job configuration with this name [sample01Job] was already registered
	at org.springframework.batch.core.configuration.support.MapJobRegistry.register(MapJobRegistry.java:51) ~[spring-batch-core-4.0.0.RELEASE.jar:4.0.0.RELEASE]
	at org.springframework.batch.core.configuration.support.JobRegistryBeanPostProcessor.postProcessAfterInitialization(JobRegistryBeanPostProcessor.java:146) ~[spring-batch-core-4.0.0.RELEASE.jar:4.0.0.RELEASE]
	... 41 common frames omitted


http://forum.spring.io/forum/spring-projects/batch/37954-duplicatejobconfigurationexception



